<?xml version="1.0" encoding="UTF-8"?>
<!-- Generated by org.testng.reporters.JUnitReportReporter -->
<testsuite hostname="DESKTOP-60IR7T5" failures="0" tests="1" name="Excelreaddata.excelread1" time="2.750" errors="0" timestamp="2022-01-21T03:16:34 PST" skipped="0">
  <testcase classname="Excelreaddata.excelread1" name="updateresult" time="2.750"/>
  <system-out/>
</testsuite> <!-- Excelreaddata.excelread1 -->
