<?xml version="1.0" encoding="UTF-8"?>
<!-- Generated by org.testng.reporters.JUnitReportReporter -->
<testsuite hostname="DESKTOP-60IR7T5" failures="0" tests="3" name="TestNG.loginwithtestannotattion" time="0.004" errors="0" timestamp="2022-01-13T04:36:35 PST" skipped="0">
  <testcase classname="TestNG.loginwithtestannotattion" name="loginwithvalidcredential" time="0.001"/>
  <system-out/>
  <testcase classname="TestNG.loginwithtestannotattion" name="loginwithEMPTYcredential" time="0.002"/>
  <system-out/>
  <testcase classname="TestNG.loginwithtestannotattion" name="loginwithINvalidcredential" time="0.001"/>
  <system-out/>
</testsuite> <!-- TestNG.loginwithtestannotattion -->
