<?xml version="1.0" encoding="UTF-8"?>
<!-- Generated by org.testng.reporters.JUnitReportReporter -->
<testsuite hostname="DESKTOP-60IR7T5" failures="0" tests="1" name="SWITCHSTATEMENT.SeleniumUtils" time="19.329" errors="0" timestamp="2022-01-16T03:50:10 PST" skipped="0">
  <testcase classname="SWITCHSTATEMENT.SeleniumUtils" name="sample" time="19.329"/>
  <system-out/>
</testsuite> <!-- SWITCHSTATEMENT.SeleniumUtils -->
