<?xml version="1.0" encoding="UTF-8"?>
<!-- Generated by org.testng.reporters.JUnitReportReporter -->
<testsuite hostname="DESKTOP-60IR7T5" failures="0" tests="2" name="TestNG.combineannotationused" time="0.009" errors="0" timestamp="2022-01-13T04:36:35 PST" skipped="0">
  <testcase classname="TestNG.combineannotationused" name="clickoncreatetask" time="0.002"/>
  <system-out/>
  <testcase classname="TestNG.combineannotationused" name="loginvlidcredential" time="0.007"/>
  <system-out/>
</testsuite> <!-- TestNG.combineannotationused -->
