<?xml version="1.0" encoding="UTF-8"?>
<!-- Generated by org.testng.reporters.JUnitReportReporter -->
<testsuite hostname="DESKTOP-60IR7T5" failures="0" tests="1" name="TestNG.testngsample1" time="0.002" errors="0" timestamp="2022-01-13T04:36:34 PST" skipped="0">
  <testcase classname="TestNG.testngsample1" name="sampletc" time="0.002"/>
  <system-out/>
</testsuite> <!-- TestNG.testngsample1 -->
