<?xml version="1.0" encoding="UTF-8"?>
<!-- Generated by org.testng.reporters.JUnitReportReporter -->
<testsuite hostname="DESKTOP-60IR7T5" failures="0" tests="1" name="SWITCHSTATEMENT.screenshort1" time="18.079" errors="0" timestamp="2022-01-17T02:54:57 PST" skipped="0">
  <testcase classname="SWITCHSTATEMENT.screenshort1" name="screenshort" time="18.079"/>
  <system-out/>
</testsuite> <!-- SWITCHSTATEMENT.screenshort1 -->
