<?xml version="1.0" encoding="UTF-8"?>
<!-- Generated by org.testng.reporters.JUnitReportReporter -->
<testsuite hostname="DESKTOP-60IR7T5" failures="0" tests="2" name="TestNGAssert.ActiTimeLoginWithAssertCondition" time="32.588" errors="0" timestamp="2022-01-19T20:15:14 PST" skipped="0">
  <testcase classname="TestNGAssert.ActiTimeLoginWithAssertCondition" name="openBroserAndLogin" time="23.365"/>
  <system-out/>
  <testcase classname="TestNGAssert.ActiTimeLoginWithAssertCondition" name="logoutAndClose" time="9.223"/>
  <system-out/>
</testsuite> <!-- TestNGAssert.ActiTimeLoginWithAssertCondition -->
