<?xml version="1.0" encoding="UTF-8"?>
<!-- Generated by org.testng.reporters.JUnitReportReporter -->
<testsuite hostname="DESKTOP-60IR7T5" failures="0" tests="2" name="TestNG.testngsample" time="27.863" errors="0" timestamp="2022-01-16T03:40:48 PST" skipped="0">
  <testcase classname="TestNG.testngsample" name="loginpage" time="15.618"/>
  <system-out/>
  <testcase classname="TestNG.testngsample" name="logoutandclose" time="12.245"/>
  <system-out/>
</testsuite> <!-- TestNG.testngsample -->
