<?xml version="1.0" encoding="UTF-8"?>
<!-- Generated by org.testng.reporters.JUnitReportReporter -->
<testsuite hostname="DESKTOP-60IR7T5" failures="0" tests="7" name="TestNGgroupsAnnotation.groupsannotation" time="0.036" errors="0" timestamp="2022-01-15T03:25:57 PST" skipped="0">
  <testcase classname="TestNGgroupsAnnotation.groupsannotation" name="tcsix" time="0.002"/>
  <system-out/>
  <testcase classname="TestNGgroupsAnnotation.groupsannotation" name="tcfive" time="0.003"/>
  <system-out/>
  <testcase classname="TestNGgroupsAnnotation.groupsannotation" name="tcsecond" time="0.003"/>
  <system-out/>
  <testcase classname="TestNGgroupsAnnotation.groupsannotation" name="tcseven" time="0.005"/>
  <system-out/>
  <testcase classname="TestNGgroupsAnnotation.groupsannotation" name="tcthird" time="0.002"/>
  <system-out/>
  <testcase classname="TestNGgroupsAnnotation.groupsannotation" name="tcfirst" time="0.016"/>
  <system-out/>
  <testcase classname="TestNGgroupsAnnotation.groupsannotation" name="tcforth" time="0.005"/>
  <system-out/>
</testsuite> <!-- TestNGgroupsAnnotation.groupsannotation -->
