<?xml version="1.0" encoding="UTF-8"?>
<!-- Generated by org.testng.reporters.JUnitReportReporter -->
<testsuite hostname="DESKTOP-60IR7T5" failures="0" tests="1" name="Excelreaddata.coppastdate" time="0.186" errors="0" timestamp="2022-01-22T16:10:06 IST" skipped="0">
  <testcase classname="Excelreaddata.coppastdate" name="testDate" time="0.186"/>
  <system-out/>
</testsuite> <!-- Excelreaddata.coppastdate -->
