<?xml version="1.0" encoding="UTF-8"?>
<!-- Generated by org.testng.reporters.JUnitReportReporter -->
<testsuite hostname="DESKTOP-60IR7T5" failures="0" tests="1" name="WindowsAndClender.Etrainsprint" time="48.194" errors="0" timestamp="2022-01-19T02:18:51 PST" skipped="0">
  <testcase classname="WindowsAndClender.Etrainsprint" name="oenbowsandgetwi" time="48.194"/>
  <system-out/>
</testsuite> <!-- WindowsAndClender.Etrainsprint -->
