<?xml version="1.0" encoding="UTF-8"?>
<!-- Generated by org.testng.reporters.JUnitReportReporter -->
<testsuite hostname="DESKTOP-60IR7T5" failures="0" tests="2" name="Excelreaddata.Excelreadactime" time="53.421" errors="0" timestamp="2022-01-21T04:18:46 PST" skipped="0">
  <testcase classname="Excelreaddata.Excelreadactime" name="getlogin" time="29.478"/>
  <system-out/>
  <testcase classname="Excelreaddata.Excelreadactime" name="testPosition" time="23.943"/>
  <system-out/>
</testsuite> <!-- Excelreaddata.Excelreadactime -->
