<?xml version="1.0" encoding="UTF-8"?>
<!-- Generated by org.testng.reporters.JUnitReportReporter -->
<testsuite hostname="DESKTOP-60IR7T5" failures="0" tests="4" name="TestNG.assignment1loginActiTime" time="61.861" errors="0" timestamp="2022-01-13T20:24:18 PST" skipped="0">
  <testcase classname="TestNG.assignment1loginActiTime" name="openBroserAndLogin" time="13.699"/>
  <system-out/>
  <testcase classname="TestNG.assignment1loginActiTime" name="createAndVerifyTask" time="31.808"/>
  <system-out/>
  <testcase classname="TestNG.assignment1loginActiTime" name="deleteAndVerifyTask" time="9.556"/>
  <system-out/>
  <testcase classname="TestNG.assignment1loginActiTime" name="logoutAndClose" time="6.798"/>
  <system-out/>
</testsuite> <!-- TestNG.assignment1loginActiTime -->
