<?xml version="1.0" encoding="UTF-8"?>
<!-- Generated by org.testng.reporters.JUnitReportReporter -->
<testsuite hostname="DESKTOP-60IR7T5" failures="0" tests="2" name="TestNG.testNGAftermethodgoogle" time="38.117" errors="0" timestamp="2022-01-13T04:36:35 PST" skipped="0">
  <testcase classname="TestNG.testNGAftermethodgoogle" name="testgooglelandingsearchfield" time="22.641"/>
  <system-out/>
  <testcase classname="TestNG.testNGAftermethodgoogle" name="testgooglelanding" time="15.476"/>
  <system-out/>
</testsuite> <!-- TestNG.testNGAftermethodgoogle -->
