<?xml version="1.0" encoding="UTF-8"?>
<!-- Generated by org.testng.reporters.JUnitReportReporter -->
<testsuite hostname="DESKTOP-60IR7T5" failures="0" tests="1" name="SWITCHSTATEMENT.Alertpopup" time="29.304" errors="0" timestamp="2022-01-16T11:58:27 PST" skipped="0">
  <testcase classname="SWITCHSTATEMENT.Alertpopup" name="handlealert" time="29.304"/>
  <system-out/>
</testsuite> <!-- SWITCHSTATEMENT.Alertpopup -->
