<?xml version="1.0" encoding="UTF-8"?>
<!-- Generated by org.testng.reporters.JUnitReportReporter -->
<testsuite hostname="DESKTOP-60IR7T5" failures="0" tests="2" name="SWITCHSTATEMENT.Switchelement1" time="48.096" errors="0" timestamp="2022-01-16T08:44:26 PST" skipped="0">
  <testcase classname="SWITCHSTATEMENT.Switchelement1" name="googleenter" time="33.933"/>
  <system-out/>
  <testcase classname="SWITCHSTATEMENT.Switchelement1" name="activelement" time="14.163"/>
  <system-out/>
</testsuite> <!-- SWITCHSTATEMENT.Switchelement1 -->
