<?xml version="1.0" encoding="UTF-8"?>
<!-- Generated by org.testng.reporters.JUnitReportReporter -->
<testsuite hostname="DESKTOP-60IR7T5" failures="0" tests="2" name="TestNG.testngtimeoutannotation" time="0.007" errors="0" timestamp="2022-01-13T04:36:35 PST" skipped="0">
  <testcase classname="TestNG.testngtimeoutannotation" name="timeoutannotation" time="0.002"/>
  <system-out/>
  <testcase classname="TestNG.testngtimeoutannotation" name="checkvalidusername" time="0.005"/>
  <system-out/>
</testsuite> <!-- TestNG.testngtimeoutannotation -->
