<?xml version="1.0" encoding="UTF-8"?>
<!-- Generated by org.testng.reporters.JUnitReportReporter -->
<testsuite hostname="DESKTOP-60IR7T5" failures="0" tests="2" name="TestNG.AfterMETHODaftertest" time="10.885" errors="0" timestamp="2022-01-13T04:36:35 PST" skipped="0">
  <testcase classname="TestNG.AfterMETHODaftertest" name="testSearch" time="6.643"/>
  <system-out/>
  <testcase classname="TestNG.AfterMETHODaftertest" name="testGoogleLandingPage" time="4.242"/>
  <system-out/>
</testsuite> <!-- TestNG.AfterMETHODaftertest -->
