<?xml version="1.0" encoding="UTF-8"?>
<!-- Generated by org.testng.reporters.JUnitReportReporter -->
<testsuite hostname="DESKTOP-60IR7T5" failures="0" tests="2" name="TestNGAssert.ActiTimeLoginWithClassLevelAnnotation" time="30.015" errors="0" timestamp="2022-01-12T04:52:03 PST" skipped="0">
  <testcase classname="TestNGAssert.ActiTimeLoginWithClassLevelAnnotation" name="tc2_logoutAndClose" time="11.382"/>
  <system-out/>
  <testcase classname="TestNGAssert.ActiTimeLoginWithClassLevelAnnotation" name="tc1_openBroserAndLogin" time="18.633"/>
  <system-out/>
</testsuite> <!-- TestNGAssert.ActiTimeLoginWithClassLevelAnnotation -->
