<?xml version="1.0" encoding="UTF-8"?>
<!-- Generated by org.testng.reporters.JUnitReportReporter -->
<testsuite hostname="DESKTOP-60IR7T5" failures="0" tests="2" name="TestNG.testmethodbeforegoogle" time="5.256" errors="0" timestamp="2022-01-14T00:23:29 PST" skipped="0">
  <testcase classname="TestNG.testmethodbeforegoogle" name="testgooglelanding" time="0.058"/>
  <system-out/>
  <testcase classname="TestNG.testmethodbeforegoogle" name="testgooglelandingsearchfield" time="5.198"/>
  <system-out/>
</testsuite> <!-- TestNG.testmethodbeforegoogle -->
