<?xml version="1.0" encoding="UTF-8"?>
<!-- Generated by org.testng.reporters.JUnitReportReporter -->
<testsuite hostname="DESKTOP-60IR7T5" failures="0" tests="1" name="TestNG.parameter1" time="26.373" errors="0" timestamp="2022-01-23T00:20:18 IST" skipped="0">
  <testcase classname="TestNG.parameter1" name="tcthree" time="26.373"/>
  <system-out/>
</testsuite> <!-- TestNG.parameter1 -->
