<?xml version="1.0" encoding="UTF-8"?>
<!-- Generated by org.testng.reporters.JUnitReportReporter -->
<testsuite hostname="DESKTOP-60IR7T5" failures="0" tests="2" name="TestNG.Actitimelogin" time="31.780" errors="0" timestamp="2022-01-23T22:56:58 IST" skipped="0">
  <testcase classname="TestNG.Actitimelogin" name="loginpage" time="19.991"/>
  <system-out/>
  <testcase classname="TestNG.Actitimelogin" name="logoutandclose" time="11.789"/>
  <system-out/>
</testsuite> <!-- TestNG.Actitimelogin -->
