<?xml version="1.0" encoding="UTF-8"?>
<!-- Generated by org.testng.reporters.JUnitReportReporter -->
<testsuite hostname="DESKTOP-60IR7T5" failures="0" tests="1" name="WindowsAndClender.windows" time="25.272" errors="0" timestamp="2022-01-19T00:12:16 PST" skipped="0">
  <testcase classname="WindowsAndClender.windows" name="testwindows" time="25.272"/>
  <system-out/>
</testsuite> <!-- WindowsAndClender.windows -->
