<?xml version="1.0" encoding="UTF-8"?>
<!-- Generated by org.testng.reporters.JUnitReportReporter -->
<testsuite hostname="DESKTOP-60IR7T5" failures="0" tests="3" name="TestNG.loginWithTestcasepriority" time="0.011" errors="0" timestamp="2022-01-13T04:36:35 PST" skipped="0">
  <testcase classname="TestNG.loginWithTestcasepriority" name="loginwithINvalidcredential" time="0.005"/>
  <system-out/>
  <testcase classname="TestNG.loginWithTestcasepriority" name="loginwithvalidcredential" time="0.003"/>
  <system-out/>
  <testcase classname="TestNG.loginWithTestcasepriority" name="loginwithEMPTYcredential" time="0.003"/>
  <system-out/>
</testsuite> <!-- TestNG.loginWithTestcasepriority -->
