<?xml version="1.0" encoding="UTF-8"?>
<!-- Generated by org.testng.reporters.JUnitReportReporter -->
<testsuite hostname="DESKTOP-60IR7T5" failures="0" tests="1" name="SWITCHSTATEMENT.Alertswitch2" time="33.063" errors="0" timestamp="2022-01-16T11:30:15 PST" skipped="0">
  <testcase classname="SWITCHSTATEMENT.Alertswitch2" name="testAlerts" time="33.063"/>
  <system-out/>
</testsuite> <!-- SWITCHSTATEMENT.Alertswitch2 -->
