<?xml version="1.0" encoding="UTF-8"?>
<!-- Generated by org.testng.reporters.JUnitReportReporter -->
<testsuite hostname="DESKTOP-60IR7T5" failures="0" tests="2" name="TestNG.loginTestCasewithENABLE" time="0.002" errors="0" timestamp="2022-01-13T04:36:35 PST" skipped="1">
  <testcase classname="TestNG.loginTestCasewithENABLE" name="loginwithvaliduser" time="0.002"/>
  <system-out/>
  <testcase classname="TestNG.loginTestCasewithENABLE" name="createtask">
    <skipped/>
  </testcase> <!-- createtask -->
  <system-out/>
</testsuite> <!-- TestNG.loginTestCasewithENABLE -->
