<?xml version="1.0" encoding="UTF-8"?>
<!-- Generated by org.testng.reporters.JUnitReportReporter -->
<testsuite hostname="DESKTOP-60IR7T5" failures="0" tests="1" name="Excelreaddata.syz" time="0.025" errors="0" timestamp="2022-01-20T05:48:08 PST" skipped="0">
  <testcase classname="Excelreaddata.syz" name="sample" time="0.025"/>
  <system-out/>
</testsuite> <!-- Excelreaddata.syz -->
