<?xml version="1.0" encoding="UTF-8"?>
<!-- Generated by org.testng.reporters.JUnitReportReporter -->
<testsuite hostname="DESKTOP-60IR7T5" failures="0" tests="1" name="Excelreaddata.Dateformate1" time="0.158" errors="0" timestamp="2022-01-22T16:36:06 IST" skipped="0">
  <testcase classname="Excelreaddata.Dateformate1" name="getformate" time="0.158"/>
  <system-out/>
</testsuite> <!-- Excelreaddata.Dateformate1 -->
