<?xml version="1.0" encoding="UTF-8"?>
<!-- Generated by org.testng.reporters.JUnitReportReporter -->
<testsuite hostname="DESKTOP-60IR7T5" failures="0" tests="1" name="AssignmentsMULTIELEMENTS.DEMOBLAZE" time="11.196" errors="0" timestamp="2022-01-13T21:35:30 PST" skipped="0">
  <testcase classname="AssignmentsMULTIELEMENTS.DEMOBLAZE" name="logindemoblaze" time="11.196"/>
  <system-out/>
</testsuite> <!-- AssignmentsMULTIELEMENTS.DEMOBLAZE -->
