<?xml version="1.0" encoding="UTF-8"?>
<!-- Generated by org.testng.reporters.JUnitReportReporter -->
<testsuite hostname="DESKTOP-60IR7T5" failures="0" tests="2" name="SWITCHSTATEMENT.framejquery1" time="68.371" errors="0" timestamp="2022-01-18T08:30:20 PST" skipped="0">
  <testcase classname="SWITCHSTATEMENT.framejquery1" name="frame" time="38.733"/>
  <system-out/>
  <testcase classname="SWITCHSTATEMENT.framejquery1" name="sortable" time="29.638"/>
  <system-out/>
</testsuite> <!-- SWITCHSTATEMENT.framejquery1 -->
